May-17 10:37:39.178 [main] INFO  com.askimed.nf.test.App - nf-test 0.8.4
May-17 10:37:39.292 [main] INFO  com.askimed.nf.test.App - Arguments: [test, main.nf.test]
May-17 10:37:42.095 [main] INFO  com.askimed.nf.test.App - Nextflow Version: 23.10.1
May-17 10:37:42.099 [main] WARN  com.askimed.nf.test.commands.RunTestsCommand - No nf-test config file found.
May-17 10:37:42.101 [main] INFO  com.askimed.nf.test.commands.RunTestsCommand - Detected 1 test files.
May-17 10:37:42.611 [main] WARN  com.askimed.nf.test.config.FileStaging - File '/data/projects/p774_MARSD/nf_core/MAGFlow/tests/bin' not found. Ignore it.
May-17 10:37:42.611 [main] WARN  com.askimed.nf.test.config.FileStaging - File '/data/projects/p774_MARSD/nf_core/MAGFlow/tests/lib' not found. Ignore it.
May-17 10:37:42.611 [main] WARN  com.askimed.nf.test.config.FileStaging - File '/data/projects/p774_MARSD/nf_core/MAGFlow/tests/assets' not found. Ignore it.
May-17 10:37:42.614 [main] INFO  com.askimed.nf.test.core.TestExecutionEngine - Started test plan
May-17 10:37:42.614 [main] INFO  com.askimed.nf.test.core.TestExecutionEngine - Running testsuite 'Test Workflow main.nf' from file '/data/projects/p774_MARSD/nf_core/MAGFlow/tests/main.nf.test'.
May-17 10:37:42.614 [main] INFO  com.askimed.nf.test.core.TestExecutionEngine - Run test 'cf145bc3: Should run without failures'. type: com.askimed.nf.test.lang.pipeline.PipelineTest
May-17 10:37:45.520 [main] INFO  com.askimed.nf.test.core.TestExecutionEngine - Test 'cf145bc3: Should run without failures' finished. status: FAILED
org.codehaus.groovy.runtime.powerassert.PowerAssertionError: 2 of 2 assertions failed
	at com.askimed.nf.test.lang.extensions.GlobalMethods.assertAll(GlobalMethods.java:48)
	at java.base/jdk.internal.reflect.NativeMethodAccessorImpl.invoke0(Native Method)
	at java.base/jdk.internal.reflect.NativeMethodAccessorImpl.invoke(NativeMethodAccessorImpl.java:77)
	at java.base/jdk.internal.reflect.DelegatingMethodAccessorImpl.invoke(DelegatingMethodAccessorImpl.java:43)
	at java.base/java.lang.reflect.Method.invoke(Method.java:568)
	at org.codehaus.groovy.reflection.CachedMethod.invoke(CachedMethod.java:107)
	at groovy.lang.MetaMethod.doMethodInvoke(MetaMethod.java:323)
	at org.codehaus.groovy.runtime.callsite.StaticMetaMethodSite.invoke(StaticMetaMethodSite.java:44)
	at org.codehaus.groovy.runtime.callsite.StaticMetaMethodSite.callStatic(StaticMetaMethodSite.java:100)
	at org.codehaus.groovy.runtime.callsite.CallSiteArray.defaultCallStatic(CallSiteArray.java:55)
	at org.codehaus.groovy.runtime.callsite.AbstractCallSite.callStatic(AbstractCallSite.java:217)
	at org.codehaus.groovy.runtime.callsite.AbstractCallSite.callStatic(AbstractCallSite.java:240)
	at main_nf$_run_closure1$_closure2$_closure4.doCall(main.nf.test:16)
	at main_nf$_run_closure1$_closure2$_closure4.doCall(main.nf.test)
	at java.base/jdk.internal.reflect.NativeMethodAccessorImpl.invoke0(Native Method)
	at java.base/jdk.internal.reflect.NativeMethodAccessorImpl.invoke(NativeMethodAccessorImpl.java:77)
	at java.base/jdk.internal.reflect.DelegatingMethodAccessorImpl.invoke(DelegatingMethodAccessorImpl.java:43)
	at java.base/java.lang.reflect.Method.invoke(Method.java:568)
	at org.codehaus.groovy.reflection.CachedMethod.invoke(CachedMethod.java:107)
	at groovy.lang.MetaMethod.doMethodInvoke(MetaMethod.java:323)
	at org.codehaus.groovy.runtime.metaclass.ClosureMetaClass.invokeMethod(ClosureMetaClass.java:274)
	at groovy.lang.MetaClassImpl.invokeMethod(MetaClassImpl.java:1030)
	at groovy.lang.Closure.call(Closure.java:427)
	at groovy.lang.Closure.call(Closure.java:406)
	at com.askimed.nf.test.lang.TestCode.execute(TestCode.java:16)
	at com.askimed.nf.test.lang.pipeline.PipelineTest.execute(PipelineTest.java:135)
	at com.askimed.nf.test.core.TestExecutionEngine.execute(TestExecutionEngine.java:214)
	at com.askimed.nf.test.commands.RunTestsCommand.execute(RunTestsCommand.java:184)
	at com.askimed.nf.test.commands.AbstractCommand.call(AbstractCommand.java:43)
	at com.askimed.nf.test.commands.AbstractCommand.call(AbstractCommand.java:18)
	at picocli.CommandLine.executeUserObject(CommandLine.java:1953)
	at picocli.CommandLine.access$1300(CommandLine.java:145)
	at picocli.CommandLine$RunLast.executeUserObjectOfLastSubcommandWithSameParent(CommandLine.java:2352)
	at picocli.CommandLine$RunLast.handle(CommandLine.java:2346)
	at picocli.CommandLine$RunLast.handle(CommandLine.java:2311)
	at picocli.CommandLine$AbstractParseResultHandler.execute(CommandLine.java:2179)
	at picocli.CommandLine.execute(CommandLine.java:2078)
	at com.askimed.nf.test.App.run(App.java:44)
	at com.askimed.nf.test.App.main(App.java:51)
May-17 10:37:45.526 [main] INFO  com.askimed.nf.test.core.TestExecutionEngine - Testsuite 'Test Workflow main.nf' finished. snapshot file: false, skipped tests: false, failed tests: true
May-17 10:37:45.526 [main] INFO  com.askimed.nf.test.core.TestExecutionEngine - Executed 1 tests. 1 tests failed. Done!
